{"time": "04:46:33", "level": "INFO", "message": "Вы пытаетесь аутентифицироваться в Skillbox"}
{"time": "05:19:33", "level": "CRITICAL", "message": "Тотальная печаль"}
{"time": "08:12:23", "level": "ERROR", "message": "Пользователь трижды ввёл неправильный пароль!"}
{"time": "08:46:33", "level": "INFO", "message": "Вы пытаетесь аутентифицироваться в Skillbox"}
{"time": "08:56:33", "level": "INFO", "message": "У вас есть 3 попытки"}
{"time": "08:12:23", "level": "ERROR", "message": "Пользователь трижды ввёл неправильный пароль!"}
{"time": "08:56:33", "level": "INFO", "message": "Вы пытаетесь аутентифицироваться в Skillbox"}
{"time": "08:56:33", "level": "INFO", "message": "У вас есть 3 попытки"}
{"time": "08:56:56", "level": "CRITICAL", "message": "Вы ввели пустой пароль"}
{"time": "08:59:33", "level": "INFO", "message": "Вы пытаетесь аутентифицироваться в Skillbox"}
{"time": "12:12:20", "level": "INFO", "message": "Вы пытаетесь аутентифицироваться в Skillbox"}
{"time": "12:12:20", "level": "INFO", "message": "У вас есть 3 попытки dog"}
{"time": "12:12:23", "level": "WARNING", "message": "Вы ввели пустой пароль"}
{"time": "13:12:23", "level": "WARNING", "message": "Вы ввели пустой пароль"}
{"time": "15:12:23", "level": "ERROR", "message": "Пользователь трижды ввёл неправильный пароль!"}
{"time": "15:56:33", "level": "INFO", "message": "Вы пытаетесь аутентифицироваться в Skillbox"}
{"time": "16:56:33", "level": "INFO", "message": "У вас есть 3 попытки"}
{"time": "18:56:37", "level": "WARNING", "message": "Вы ввели пустой пароль"}
{"time": "18:56:46", "level": "ERROR", "message": "Вы ввели некорректный символ"}
{"time": "18:56:46", "level": "ERROR", "message": "Пользователь трижды ввёл неправильный пароль!"}
{"time": "18:56:50", "level": "INFO", "message": "Вы пытаетесь аутентифицироваться в Skillbox"}
{"time": "18:56:50", "level": "INFO", "message": "У вас есть 3 попытки dog"}
{"time": "18:56:56", "level": "ERROR", "message": "Пользователь трижды ввёл неправильный пароль!"}
{"time": "18:12:20", "level": "INFO", "message": "Вы пытаетесь аутентифицироваться в Skillbox"}
{"time": "19:12:20", "level": "INFO", "message": "У вас есть 3 попытки"}
{"time": "19:12:23", "level": "WARNING", "message": "Вы ввели пустой пароль"}
{"time": "19:12:23", "level": "WARNING", "message": "Вы ввели пустой пароль"}
{"time": "19:12:23", "level": "ERROR", "message": "Пользователь трижды ввёл неправильный пароль!"}
{"time": "19:56:33", "level": "INFO", "message": "Вы пытаетесь аутентифицироваться в Skillbox"}
{"time": "20:56:33", "level": "INFO", "message": "У вас есть 3 попытки dog"}
{"time": "21:56:37", "level": "WARNING", "message": "Вы ввели пустой пароль"}
{"time": "21:56:46", "level": "ERROR", "message": "Вы ввели некорректный символ"}
{"time": "21:56:46", "level": "ERROR", "message": "Пользователь трижды ввёл неправильный пароль!"}
{"time": "21:56:50", "level": "INFO", "message": "Вы пытаетесь аутентифицироваться в Skillbox"}
{"time": "21:56:50", "level": "INFO", "message": "У вас есть 3 попытки"}
{"time": "21:56:56", "level": "WARNING", "message": "Вы ввели пустой пароль"}
{"time": "22:56:56", "level": "ERROR", "message": "Пользователь трижды ввёл неправильный пароль!"}
